Start testing: Dec 27 01:31 CET
----------------------------------------------------------
1/3 Testing: qa_ssrg_ff
1/3 Test: qa_ssrg_ff
Command: "/bin/sh" "/home/petr/Projects/Bajer/unob2017/gr-prn/build/python/qa_ssrg_ff_test.sh"
Directory: /home/petr/Projects/Bajer/unob2017/gr-prn/build/python
"qa_ssrg_ff" start time: Dec 27 01:31 CET
Output:
----------------------------------------------------------
Traceback (most recent call last):
  File "/home/petr/Projects/Bajer/unob2017/gr-prn/python/qa_ssrg_ff.py", line 24, in <module>
    from ssrg_f import ssrg_f
ImportError: No module named ssrg_f
<end of output>
Test time =   0.24 sec
----------------------------------------------------------
Test Failed.
"qa_ssrg_ff" end time: Dec 27 01:31 CET
"qa_ssrg_ff" time elapsed: 00:00:00
----------------------------------------------------------

2/3 Testing: qa_ssrg_bpsk_fc
2/3 Test: qa_ssrg_bpsk_fc
Command: "/bin/sh" "/home/petr/Projects/Bajer/unob2017/gr-prn/build/python/qa_ssrg_bpsk_fc_test.sh"
Directory: /home/petr/Projects/Bajer/unob2017/gr-prn/build/python
"qa_ssrg_bpsk_fc" start time: Dec 27 01:31 CET
Output:
----------------------------------------------------------
.
----------------------------------------------------------------------
Ran 1 test in 0.002s

OK
((1+0j), (1+0j), (1+0j), (1+0j), (1+0j), (1+0j), (1+0j), (1+0j), (-1+0j), (-1+0j), (-1+0j), (-1+0j), (1+0j), (1+0j), (1+0j), (1+0j), (1+0j), (1+0j), (1+0j), (1+0j), (-1+0j), (-1+0j), (-1+0j), (-1+0j), (1+0j), (1+0j), (1+0j), (1+0j), (1+0j), (1+0j), (1+0j), (1+0j), (-1+0j), (-1+0j), (-1+0j), (-1+0j), (1+0j), (1+0j), (1+0j), (1+0j), (1+0j), (1+0j), (1+0j), (1+0j), (-1+0j), (-1+0j), (-1+0j), (-1+0j), (1+0j), (1+0j), (1+0j), (1+0j), (1+0j), (1+0j), (1+0j), (1+0j), (-1+0j), (-1+0j), (-1+0j), (-1+0j), (1+0j), (1+0j), (1+0j), (1+0j), (1+0j), (1+0j), (1+0j), (1+0j), (-1+0j), (-1+0j), (-1+0j), (-1+0j), (1+0j), (1+0j), (1+0j), (1+0j), (1+0j), (1+0j), (1+0j), (1+0j))
[(1+0j), (1+0j), (1+0j), (1+0j), (1+0j), (1+0j), (1+0j), (1+0j), (-1+0j), (-1+0j), (-1+0j), (-1+0j), (1+0j), (1+0j), (1+0j), (1+0j), (1+0j), (1+0j), (1+0j), (1+0j), (-1+0j), (-1+0j), (-1+0j), (-1+0j), (1+0j), (1+0j), (1+0j), (1+0j), (1+0j), (1+0j), (1+0j), (1+0j), (-1+0j), (-1+0j), (-1+0j), (-1+0j), (1+0j), (1+0j), (1+0j), (1+0j), (1+0j), (1+0j), (1+0j), (1+0j), (-1+0j), (-1+0j), (-1+0j), (-1+0j), (1+0j), (1+0j), (1+0j), (1+0j), (1+0j), (1+0j), (1+0j), (1+0j), (-1+0j), (-1+0j), (-1+0j), (-1+0j), (1+0j), (1+0j), (1+0j), (1+0j), (1+0j), (1+0j), (1+0j), (1+0j), (-1+0j), (-1+0j), (-1+0j), (-1+0j), (1+0j), (1+0j), (1+0j), (1+0j), (1+0j), (1+0j), (1+0j), (1+0j)]
((1+0j), (1+0j), (1+0j), (1+0j), (1+0j), (1+0j), (1+0j), (1+0j), (-1+0j), (-1+0j), (-1+0j), (-1+0j), (1+0j), (1+0j), (1+0j), (1+0j), (1+0j), (1+0j), (1+0j), (1+0j), (-1+0j), (-1+0j), (-1+0j), (-1+0j), (1+0j), (1+0j), (1+0j), (1+0j), (1+0j), (1+0j), (1+0j), (1+0j), (-1+0j), (-1+0j), (-1+0j), (-1+0j), (1+0j), (1+0j), (1+0j), (1+0j), (1+0j), (1+0j), (1+0j), (1+0j), (-1+0j), (-1+0j), (-1+0j), (-1+0j), (1+0j), (1+0j), (1+0j), (1+0j), (1+0j), (1+0j), (1+0j), (1+0j), (-1+0j), (-1+0j), (-1+0j), (-1+0j), (1+0j), (1+0j), (1+0j), (1+0j), (1+0j), (1+0j), (1+0j), (1+0j), (-1+0j), (-1+0j), (-1+0j), (-1+0j), (1+0j), (1+0j), (1+0j), (1+0j), (1+0j), (1+0j), (1+0j), (1+0j))
[(1+0j), (1+0j), (1+0j), (1+0j), (1+0j), (1+0j), (1+0j), (1+0j), (-1+0j), (-1+0j), (-1+0j), (-1+0j), (1+0j), (1+0j), (1+0j), (1+0j), (1+0j), (1+0j), (1+0j), (1+0j), (-1+0j), (-1+0j), (-1+0j), (-1+0j), (1+0j), (1+0j), (1+0j), (1+0j), (1+0j), (1+0j), (1+0j), (1+0j), (-1+0j), (-1+0j), (-1+0j), (-1+0j), (1+0j), (1+0j), (1+0j), (1+0j), (1+0j), (1+0j), (1+0j), (1+0j), (-1+0j), (-1+0j), (-1+0j), (-1+0j), (1+0j), (1+0j), (1+0j), (1+0j), (1+0j), (1+0j), (1+0j), (1+0j), (-1+0j), (-1+0j), (-1+0j), (-1+0j), (1+0j), (1+0j), (1+0j), (1+0j), (1+0j), (1+0j), (1+0j), (1+0j), (-1+0j), (-1+0j), (-1+0j), (-1+0j), (1+0j), (1+0j), (1+0j), (1+0j), (1+0j), (1+0j), (1+0j), (1+0j)]
<end of output>
Test time =   0.19 sec
----------------------------------------------------------
Test Passed.
"qa_ssrg_bpsk_fc" end time: Dec 27 01:31 CET
"qa_ssrg_bpsk_fc" time elapsed: 00:00:00
----------------------------------------------------------

3/3 Testing: qa_ssrg_qpsk_fc
3/3 Test: qa_ssrg_qpsk_fc
Command: "/bin/sh" "/home/petr/Projects/Bajer/unob2017/gr-prn/build/python/qa_ssrg_qpsk_fc_test.sh"
Directory: /home/petr/Projects/Bajer/unob2017/gr-prn/build/python
"qa_ssrg_qpsk_fc" start time: Dec 27 01:31 CET
Output:
----------------------------------------------------------
.
----------------------------------------------------------------------
Ran 1 test in 0.000s

OK
<end of output>
Test time =   0.18 sec
----------------------------------------------------------
Test Passed.
"qa_ssrg_qpsk_fc" end time: Dec 27 01:31 CET
"qa_ssrg_qpsk_fc" time elapsed: 00:00:00
----------------------------------------------------------

End testing: Dec 27 01:31 CET
